d:\landmark-management\visual studio\debug\vc141.pdb
d:\landmark-management\visual studio\debug\setup.nativecodeanalysis.xml
d:\landmark-management\visual studio\debug\search_by_name.nativecodeanalysis.xml
d:\landmark-management\visual studio\debug\search_by_area.nativecodeanalysis.xml
d:\landmark-management\visual studio\debug\modify_records.nativecodeanalysis.xml
d:\landmark-management\visual studio\debug\menu_selection.nativecodeanalysis.xml
d:\landmark-management\visual studio\debug\main.nativecodeanalysis.xml
d:\landmark-management\visual studio\debug\landmark.nativecodeanalysis.xml
d:\landmark-management\visual studio\debug\graphics.nativecodeanalysis.xml
d:\landmark-management\visual studio\debug\functions.nativecodeanalysis.xml
d:\landmark-management\visual studio\debug\functions.obj
d:\landmark-management\visual studio\debug\graphics.obj
d:\landmark-management\visual studio\debug\landmark.obj
d:\landmark-management\visual studio\debug\main.obj
d:\landmark-management\visual studio\debug\menu_selection.obj
d:\landmark-management\visual studio\debug\modify_records.obj
d:\landmark-management\visual studio\debug\search_by_area.obj
d:\landmark-management\visual studio\debug\search_by_name.obj
d:\landmark-management\visual studio\debug\setup.obj
d:\landmark-management\visual studio\debug\lmark vs.tlog\cl.command.1.tlog
d:\landmark-management\visual studio\debug\lmark vs.tlog\cl.read.1.tlog
d:\landmark-management\visual studio\debug\lmark vs.tlog\cl.write.1.tlog
